Determining if the pthread_create exist failed with the following output:
Change Dir: /home/nidhi/ws_moveit/build/aws_robomaker_small_warehouse_world/CMakeFiles/CMakeTmp

Run Build Command:"/usr/bin/make" "cmTC_e761e/fast"
/usr/bin/make -f CMakeFiles/cmTC_e761e.dir/build.make CMakeFiles/cmTC_e761e.dir/build
make[1]: Entering directory '/home/nidhi/ws_moveit/build/aws_robomaker_small_warehouse_world/CMakeFiles/CMakeTmp'
Building C object CMakeFiles/cmTC_e761e.dir/CheckSymbolExists.c.o
/usr/bin/cc    -o CMakeFiles/cmTC_e761e.dir/CheckSymbolExists.c.o   -c /home/nidhi/ws_moveit/build/aws_robomaker_small_warehouse_world/CMakeFiles/CMakeTmp/CheckSymbolExists.c
Linking C executable cmTC_e761e
/usr/bin/cmake -E cmake_link_script CMakeFiles/cmTC_e761e.dir/link.txt --verbose=1
/usr/bin/cc      -rdynamic CMakeFiles/cmTC_e761e.dir/CheckSymbolExists.c.o  -o cmTC_e761e 
CMakeFiles/cmTC_e761e.dir/CheckSymbolExists.c.o: In function `main':
CheckSymbolExists.c:(.text+0x1b): undefined reference to `pthread_create'
collect2: error: ld returned 1 exit status
CMakeFiles/cmTC_e761e.dir/build.make:97: recipe for target 'cmTC_e761e' failed
make[1]: *** [cmTC_e761e] Error 1
make[1]: Leaving directory '/home/nidhi/ws_moveit/build/aws_robomaker_small_warehouse_world/CMakeFiles/CMakeTmp'
Makefile:126: recipe for target 'cmTC_e761e/fast' failed
make: *** [cmTC_e761e/fast] Error 2

File /home/nidhi/ws_moveit/build/aws_robomaker_small_warehouse_world/CMakeFiles/CMakeTmp/CheckSymbolExists.c:
/* */
#include <pthread.h>

int main(int argc, char** argv)
{
  (void)argv;
#ifndef pthread_create
  return ((int*)(&pthread_create))[argc];
#else
  (void)argc;
  return 0;
#endif
}

Determining if the function pthread_create exists in the pthreads failed with the following output:
Change Dir: /home/nidhi/ws_moveit/build/aws_robomaker_small_warehouse_world/CMakeFiles/CMakeTmp

Run Build Command:"/usr/bin/make" "cmTC_9beb8/fast"
/usr/bin/make -f CMakeFiles/cmTC_9beb8.dir/build.make CMakeFiles/cmTC_9beb8.dir/build
make[1]: Entering directory '/home/nidhi/ws_moveit/build/aws_robomaker_small_warehouse_world/CMakeFiles/CMakeTmp'
Building C object CMakeFiles/cmTC_9beb8.dir/CheckFunctionExists.c.o
/usr/bin/cc   -DCHECK_FUNCTION_EXISTS=pthread_create   -o CMakeFiles/cmTC_9beb8.dir/CheckFunctionExists.c.o   -c /usr/share/cmake-3.10/Modules/CheckFunctionExists.c
Linking C executable cmTC_9beb8
/usr/bin/cmake -E cmake_link_script CMakeFiles/cmTC_9beb8.dir/link.txt --verbose=1
/usr/bin/cc  -DCHECK_FUNCTION_EXISTS=pthread_create    -rdynamic CMakeFiles/cmTC_9beb8.dir/CheckFunctionExists.c.o  -o cmTC_9beb8 -lpthreads 
/usr/bin/ld: cannot find -lpthreads
collect2: error: ld returned 1 exit status
CMakeFiles/cmTC_9beb8.dir/build.make:97: recipe for target 'cmTC_9beb8' failed
make[1]: *** [cmTC_9beb8] Error 1
make[1]: Leaving directory '/home/nidhi/ws_moveit/build/aws_robomaker_small_warehouse_world/CMakeFiles/CMakeTmp'
Makefile:126: recipe for target 'cmTC_9beb8/fast' failed
make: *** [cmTC_9beb8/fast] Error 2


