Determining if the pthread_create exist failed with the following output:
Change Dir: /home/nidhi/ws_moveit/build/ur5_e_moveit_config/CMakeFiles/CMakeTmp

Run Build Command:"/usr/bin/make" "cmTC_dfa27/fast"
/usr/bin/make -f CMakeFiles/cmTC_dfa27.dir/build.make CMakeFiles/cmTC_dfa27.dir/build
make[1]: Entering directory '/home/nidhi/ws_moveit/build/ur5_e_moveit_config/CMakeFiles/CMakeTmp'
Building C object CMakeFiles/cmTC_dfa27.dir/CheckSymbolExists.c.o
/usr/bin/cc    -o CMakeFiles/cmTC_dfa27.dir/CheckSymbolExists.c.o   -c /home/nidhi/ws_moveit/build/ur5_e_moveit_config/CMakeFiles/CMakeTmp/CheckSymbolExists.c
Linking C executable cmTC_dfa27
/usr/bin/cmake -E cmake_link_script CMakeFiles/cmTC_dfa27.dir/link.txt --verbose=1
/usr/bin/cc      -rdynamic CMakeFiles/cmTC_dfa27.dir/CheckSymbolExists.c.o  -o cmTC_dfa27 
CMakeFiles/cmTC_dfa27.dir/CheckSymbolExists.c.o: In function `main':
CheckSymbolExists.c:(.text+0x1b): undefined reference to `pthread_create'
collect2: error: ld returned 1 exit status
CMakeFiles/cmTC_dfa27.dir/build.make:97: recipe for target 'cmTC_dfa27' failed
make[1]: *** [cmTC_dfa27] Error 1
make[1]: Leaving directory '/home/nidhi/ws_moveit/build/ur5_e_moveit_config/CMakeFiles/CMakeTmp'
Makefile:126: recipe for target 'cmTC_dfa27/fast' failed
make: *** [cmTC_dfa27/fast] Error 2

File /home/nidhi/ws_moveit/build/ur5_e_moveit_config/CMakeFiles/CMakeTmp/CheckSymbolExists.c:
/* */
#include <pthread.h>

int main(int argc, char** argv)
{
  (void)argv;
#ifndef pthread_create
  return ((int*)(&pthread_create))[argc];
#else
  (void)argc;
  return 0;
#endif
}

Determining if the function pthread_create exists in the pthreads failed with the following output:
Change Dir: /home/nidhi/ws_moveit/build/ur5_e_moveit_config/CMakeFiles/CMakeTmp

Run Build Command:"/usr/bin/make" "cmTC_dd4ff/fast"
/usr/bin/make -f CMakeFiles/cmTC_dd4ff.dir/build.make CMakeFiles/cmTC_dd4ff.dir/build
make[1]: Entering directory '/home/nidhi/ws_moveit/build/ur5_e_moveit_config/CMakeFiles/CMakeTmp'
Building C object CMakeFiles/cmTC_dd4ff.dir/CheckFunctionExists.c.o
/usr/bin/cc   -DCHECK_FUNCTION_EXISTS=pthread_create   -o CMakeFiles/cmTC_dd4ff.dir/CheckFunctionExists.c.o   -c /usr/share/cmake-3.10/Modules/CheckFunctionExists.c
Linking C executable cmTC_dd4ff
/usr/bin/cmake -E cmake_link_script CMakeFiles/cmTC_dd4ff.dir/link.txt --verbose=1
/usr/bin/cc  -DCHECK_FUNCTION_EXISTS=pthread_create    -rdynamic CMakeFiles/cmTC_dd4ff.dir/CheckFunctionExists.c.o  -o cmTC_dd4ff -lpthreads 
/usr/bin/ld: cannot find -lpthreads
collect2: error: ld returned 1 exit status
CMakeFiles/cmTC_dd4ff.dir/build.make:97: recipe for target 'cmTC_dd4ff' failed
make[1]: *** [cmTC_dd4ff] Error 1
make[1]: Leaving directory '/home/nidhi/ws_moveit/build/ur5_e_moveit_config/CMakeFiles/CMakeTmp'
Makefile:126: recipe for target 'cmTC_dd4ff/fast' failed
make: *** [cmTC_dd4ff/fast] Error 2


