Determining if the pthread_create exist failed with the following output:
Change Dir: /home/nidhi/ws_moveit/build/pkg_moveit_ur5_2_config/CMakeFiles/CMakeTmp

Run Build Command:"/usr/bin/make" "cmTC_84b90/fast"
/usr/bin/make -f CMakeFiles/cmTC_84b90.dir/build.make CMakeFiles/cmTC_84b90.dir/build
make[1]: Entering directory '/home/nidhi/ws_moveit/build/pkg_moveit_ur5_2_config/CMakeFiles/CMakeTmp'
Building C object CMakeFiles/cmTC_84b90.dir/CheckSymbolExists.c.o
/usr/bin/cc    -o CMakeFiles/cmTC_84b90.dir/CheckSymbolExists.c.o   -c /home/nidhi/ws_moveit/build/pkg_moveit_ur5_2_config/CMakeFiles/CMakeTmp/CheckSymbolExists.c
Linking C executable cmTC_84b90
/usr/bin/cmake -E cmake_link_script CMakeFiles/cmTC_84b90.dir/link.txt --verbose=1
/usr/bin/cc      -rdynamic CMakeFiles/cmTC_84b90.dir/CheckSymbolExists.c.o  -o cmTC_84b90 
CMakeFiles/cmTC_84b90.dir/CheckSymbolExists.c.o: In function `main':
CheckSymbolExists.c:(.text+0x1b): undefined reference to `pthread_create'
collect2: error: ld returned 1 exit status
CMakeFiles/cmTC_84b90.dir/build.make:97: recipe for target 'cmTC_84b90' failed
make[1]: *** [cmTC_84b90] Error 1
make[1]: Leaving directory '/home/nidhi/ws_moveit/build/pkg_moveit_ur5_2_config/CMakeFiles/CMakeTmp'
Makefile:126: recipe for target 'cmTC_84b90/fast' failed
make: *** [cmTC_84b90/fast] Error 2

File /home/nidhi/ws_moveit/build/pkg_moveit_ur5_2_config/CMakeFiles/CMakeTmp/CheckSymbolExists.c:
/* */
#include <pthread.h>

int main(int argc, char** argv)
{
  (void)argv;
#ifndef pthread_create
  return ((int*)(&pthread_create))[argc];
#else
  (void)argc;
  return 0;
#endif
}

Determining if the function pthread_create exists in the pthreads failed with the following output:
Change Dir: /home/nidhi/ws_moveit/build/pkg_moveit_ur5_2_config/CMakeFiles/CMakeTmp

Run Build Command:"/usr/bin/make" "cmTC_43fe4/fast"
/usr/bin/make -f CMakeFiles/cmTC_43fe4.dir/build.make CMakeFiles/cmTC_43fe4.dir/build
make[1]: Entering directory '/home/nidhi/ws_moveit/build/pkg_moveit_ur5_2_config/CMakeFiles/CMakeTmp'
Building C object CMakeFiles/cmTC_43fe4.dir/CheckFunctionExists.c.o
/usr/bin/cc   -DCHECK_FUNCTION_EXISTS=pthread_create   -o CMakeFiles/cmTC_43fe4.dir/CheckFunctionExists.c.o   -c /usr/share/cmake-3.10/Modules/CheckFunctionExists.c
Linking C executable cmTC_43fe4
/usr/bin/cmake -E cmake_link_script CMakeFiles/cmTC_43fe4.dir/link.txt --verbose=1
/usr/bin/cc  -DCHECK_FUNCTION_EXISTS=pthread_create    -rdynamic CMakeFiles/cmTC_43fe4.dir/CheckFunctionExists.c.o  -o cmTC_43fe4 -lpthreads 
/usr/bin/ld: cannot find -lpthreads
collect2: error: ld returned 1 exit status
CMakeFiles/cmTC_43fe4.dir/build.make:97: recipe for target 'cmTC_43fe4' failed
make[1]: *** [cmTC_43fe4] Error 1
make[1]: Leaving directory '/home/nidhi/ws_moveit/build/pkg_moveit_ur5_2_config/CMakeFiles/CMakeTmp'
Makefile:126: recipe for target 'cmTC_43fe4/fast' failed
make: *** [cmTC_43fe4/fast] Error 2


