Determining if the pthread_create exist failed with the following output:
Change Dir: /home/nidhi/ws_moveit/build/ur_e_gazebo/CMakeFiles/CMakeTmp

Run Build Command:"/usr/bin/make" "cmTC_cbb88/fast"
/usr/bin/make -f CMakeFiles/cmTC_cbb88.dir/build.make CMakeFiles/cmTC_cbb88.dir/build
make[1]: Entering directory '/home/nidhi/ws_moveit/build/ur_e_gazebo/CMakeFiles/CMakeTmp'
Building C object CMakeFiles/cmTC_cbb88.dir/CheckSymbolExists.c.o
/usr/bin/cc    -o CMakeFiles/cmTC_cbb88.dir/CheckSymbolExists.c.o   -c /home/nidhi/ws_moveit/build/ur_e_gazebo/CMakeFiles/CMakeTmp/CheckSymbolExists.c
Linking C executable cmTC_cbb88
/usr/bin/cmake -E cmake_link_script CMakeFiles/cmTC_cbb88.dir/link.txt --verbose=1
/usr/bin/cc      -rdynamic CMakeFiles/cmTC_cbb88.dir/CheckSymbolExists.c.o  -o cmTC_cbb88 
CMakeFiles/cmTC_cbb88.dir/CheckSymbolExists.c.o: In function `main':
CheckSymbolExists.c:(.text+0x1b): undefined reference to `pthread_create'
collect2: error: ld returned 1 exit status
CMakeFiles/cmTC_cbb88.dir/build.make:97: recipe for target 'cmTC_cbb88' failed
make[1]: *** [cmTC_cbb88] Error 1
make[1]: Leaving directory '/home/nidhi/ws_moveit/build/ur_e_gazebo/CMakeFiles/CMakeTmp'
Makefile:126: recipe for target 'cmTC_cbb88/fast' failed
make: *** [cmTC_cbb88/fast] Error 2

File /home/nidhi/ws_moveit/build/ur_e_gazebo/CMakeFiles/CMakeTmp/CheckSymbolExists.c:
/* */
#include <pthread.h>

int main(int argc, char** argv)
{
  (void)argv;
#ifndef pthread_create
  return ((int*)(&pthread_create))[argc];
#else
  (void)argc;
  return 0;
#endif
}

Determining if the function pthread_create exists in the pthreads failed with the following output:
Change Dir: /home/nidhi/ws_moveit/build/ur_e_gazebo/CMakeFiles/CMakeTmp

Run Build Command:"/usr/bin/make" "cmTC_64d75/fast"
/usr/bin/make -f CMakeFiles/cmTC_64d75.dir/build.make CMakeFiles/cmTC_64d75.dir/build
make[1]: Entering directory '/home/nidhi/ws_moveit/build/ur_e_gazebo/CMakeFiles/CMakeTmp'
Building C object CMakeFiles/cmTC_64d75.dir/CheckFunctionExists.c.o
/usr/bin/cc   -DCHECK_FUNCTION_EXISTS=pthread_create   -o CMakeFiles/cmTC_64d75.dir/CheckFunctionExists.c.o   -c /usr/share/cmake-3.10/Modules/CheckFunctionExists.c
Linking C executable cmTC_64d75
/usr/bin/cmake -E cmake_link_script CMakeFiles/cmTC_64d75.dir/link.txt --verbose=1
/usr/bin/cc  -DCHECK_FUNCTION_EXISTS=pthread_create    -rdynamic CMakeFiles/cmTC_64d75.dir/CheckFunctionExists.c.o  -o cmTC_64d75 -lpthreads 
/usr/bin/ld: cannot find -lpthreads
collect2: error: ld returned 1 exit status
CMakeFiles/cmTC_64d75.dir/build.make:97: recipe for target 'cmTC_64d75' failed
make[1]: *** [cmTC_64d75] Error 1
make[1]: Leaving directory '/home/nidhi/ws_moveit/build/ur_e_gazebo/CMakeFiles/CMakeTmp'
Makefile:126: recipe for target 'cmTC_64d75/fast' failed
make: *** [cmTC_64d75/fast] Error 2


