Determining if the pthread_create exist failed with the following output:
Change Dir: /home/nidhi/ws_moveit/build/hrwros_gazebo/CMakeFiles/CMakeTmp

Run Build Command:"/usr/bin/make" "cmTC_917ef/fast"
/usr/bin/make -f CMakeFiles/cmTC_917ef.dir/build.make CMakeFiles/cmTC_917ef.dir/build
make[1]: Entering directory '/home/nidhi/ws_moveit/build/hrwros_gazebo/CMakeFiles/CMakeTmp'
Building C object CMakeFiles/cmTC_917ef.dir/CheckSymbolExists.c.o
/usr/bin/cc    -o CMakeFiles/cmTC_917ef.dir/CheckSymbolExists.c.o   -c /home/nidhi/ws_moveit/build/hrwros_gazebo/CMakeFiles/CMakeTmp/CheckSymbolExists.c
Linking C executable cmTC_917ef
/usr/bin/cmake -E cmake_link_script CMakeFiles/cmTC_917ef.dir/link.txt --verbose=1
/usr/bin/cc      -rdynamic CMakeFiles/cmTC_917ef.dir/CheckSymbolExists.c.o  -o cmTC_917ef 
CMakeFiles/cmTC_917ef.dir/CheckSymbolExists.c.o: In function `main':
CheckSymbolExists.c:(.text+0x1b): undefined reference to `pthread_create'
collect2: error: ld returned 1 exit status
CMakeFiles/cmTC_917ef.dir/build.make:97: recipe for target 'cmTC_917ef' failed
make[1]: *** [cmTC_917ef] Error 1
make[1]: Leaving directory '/home/nidhi/ws_moveit/build/hrwros_gazebo/CMakeFiles/CMakeTmp'
Makefile:126: recipe for target 'cmTC_917ef/fast' failed
make: *** [cmTC_917ef/fast] Error 2

File /home/nidhi/ws_moveit/build/hrwros_gazebo/CMakeFiles/CMakeTmp/CheckSymbolExists.c:
/* */
#include <pthread.h>

int main(int argc, char** argv)
{
  (void)argv;
#ifndef pthread_create
  return ((int*)(&pthread_create))[argc];
#else
  (void)argc;
  return 0;
#endif
}

Determining if the function pthread_create exists in the pthreads failed with the following output:
Change Dir: /home/nidhi/ws_moveit/build/hrwros_gazebo/CMakeFiles/CMakeTmp

Run Build Command:"/usr/bin/make" "cmTC_56908/fast"
/usr/bin/make -f CMakeFiles/cmTC_56908.dir/build.make CMakeFiles/cmTC_56908.dir/build
make[1]: Entering directory '/home/nidhi/ws_moveit/build/hrwros_gazebo/CMakeFiles/CMakeTmp'
Building C object CMakeFiles/cmTC_56908.dir/CheckFunctionExists.c.o
/usr/bin/cc   -DCHECK_FUNCTION_EXISTS=pthread_create   -o CMakeFiles/cmTC_56908.dir/CheckFunctionExists.c.o   -c /usr/share/cmake-3.10/Modules/CheckFunctionExists.c
Linking C executable cmTC_56908
/usr/bin/cmake -E cmake_link_script CMakeFiles/cmTC_56908.dir/link.txt --verbose=1
/usr/bin/cc  -DCHECK_FUNCTION_EXISTS=pthread_create    -rdynamic CMakeFiles/cmTC_56908.dir/CheckFunctionExists.c.o  -o cmTC_56908 -lpthreads 
/usr/bin/ld: cannot find -lpthreads
collect2: error: ld returned 1 exit status
CMakeFiles/cmTC_56908.dir/build.make:97: recipe for target 'cmTC_56908' failed
make[1]: *** [cmTC_56908] Error 1
make[1]: Leaving directory '/home/nidhi/ws_moveit/build/hrwros_gazebo/CMakeFiles/CMakeTmp'
Makefile:126: recipe for target 'cmTC_56908/fast' failed
make: *** [cmTC_56908/fast] Error 2


