Determining if the pthread_create exist failed with the following output:
Change Dir: /home/nidhi/ws_moveit/build/pkg_cv_example/CMakeFiles/CMakeTmp

Run Build Command:"/usr/bin/make" "cmTC_b1b38/fast"
/usr/bin/make -f CMakeFiles/cmTC_b1b38.dir/build.make CMakeFiles/cmTC_b1b38.dir/build
make[1]: Entering directory '/home/nidhi/ws_moveit/build/pkg_cv_example/CMakeFiles/CMakeTmp'
Building C object CMakeFiles/cmTC_b1b38.dir/CheckSymbolExists.c.o
/usr/bin/cc    -o CMakeFiles/cmTC_b1b38.dir/CheckSymbolExists.c.o   -c /home/nidhi/ws_moveit/build/pkg_cv_example/CMakeFiles/CMakeTmp/CheckSymbolExists.c
Linking C executable cmTC_b1b38
/usr/bin/cmake -E cmake_link_script CMakeFiles/cmTC_b1b38.dir/link.txt --verbose=1
/usr/bin/cc      -rdynamic CMakeFiles/cmTC_b1b38.dir/CheckSymbolExists.c.o  -o cmTC_b1b38 
CMakeFiles/cmTC_b1b38.dir/CheckSymbolExists.c.o: In function `main':
CheckSymbolExists.c:(.text+0x1b): undefined reference to `pthread_create'
collect2: error: ld returned 1 exit status
CMakeFiles/cmTC_b1b38.dir/build.make:97: recipe for target 'cmTC_b1b38' failed
make[1]: *** [cmTC_b1b38] Error 1
make[1]: Leaving directory '/home/nidhi/ws_moveit/build/pkg_cv_example/CMakeFiles/CMakeTmp'
Makefile:126: recipe for target 'cmTC_b1b38/fast' failed
make: *** [cmTC_b1b38/fast] Error 2

File /home/nidhi/ws_moveit/build/pkg_cv_example/CMakeFiles/CMakeTmp/CheckSymbolExists.c:
/* */
#include <pthread.h>

int main(int argc, char** argv)
{
  (void)argv;
#ifndef pthread_create
  return ((int*)(&pthread_create))[argc];
#else
  (void)argc;
  return 0;
#endif
}

Determining if the function pthread_create exists in the pthreads failed with the following output:
Change Dir: /home/nidhi/ws_moveit/build/pkg_cv_example/CMakeFiles/CMakeTmp

Run Build Command:"/usr/bin/make" "cmTC_7755b/fast"
/usr/bin/make -f CMakeFiles/cmTC_7755b.dir/build.make CMakeFiles/cmTC_7755b.dir/build
make[1]: Entering directory '/home/nidhi/ws_moveit/build/pkg_cv_example/CMakeFiles/CMakeTmp'
Building C object CMakeFiles/cmTC_7755b.dir/CheckFunctionExists.c.o
/usr/bin/cc   -DCHECK_FUNCTION_EXISTS=pthread_create   -o CMakeFiles/cmTC_7755b.dir/CheckFunctionExists.c.o   -c /usr/share/cmake-3.10/Modules/CheckFunctionExists.c
Linking C executable cmTC_7755b
/usr/bin/cmake -E cmake_link_script CMakeFiles/cmTC_7755b.dir/link.txt --verbose=1
/usr/bin/cc  -DCHECK_FUNCTION_EXISTS=pthread_create    -rdynamic CMakeFiles/cmTC_7755b.dir/CheckFunctionExists.c.o  -o cmTC_7755b -lpthreads 
/usr/bin/ld: cannot find -lpthreads
collect2: error: ld returned 1 exit status
CMakeFiles/cmTC_7755b.dir/build.make:97: recipe for target 'cmTC_7755b' failed
make[1]: *** [cmTC_7755b] Error 1
make[1]: Leaving directory '/home/nidhi/ws_moveit/build/pkg_cv_example/CMakeFiles/CMakeTmp'
Makefile:126: recipe for target 'cmTC_7755b/fast' failed
make: *** [cmTC_7755b/fast] Error 2


