Not searching for unused variables given on the command line.
[36m--[0m Using CATKIN_DEVEL_PREFIX: /home/nidhi/ws_moveit/devel/.private/example_pkg
[36m--[0m Using CMAKE_PREFIX_PATH: /home/nidhi/ws_moveit/devel;/opt/ros/melodic
[36m--[0m This workspace overlays: /home/nidhi/ws_moveit/devel;/opt/ros/melodic
[36m--[0m Found PythonInterp: /usr/bin/python2 (found suitable version "2.7.17", minimum required is "2")
[36m--[0m Using PYTHON_EXECUTABLE: /usr/bin/python2
[36m--[0m Using Debian Python package layout
[36m--[0m Using empy: /usr/bin/empy
[36m--[0m Using CATKIN_ENABLE_TESTING: ON
[36m--[0m Call enable_testing()
[36m--[0m Using CATKIN_TEST_RESULTS_DIR: /home/nidhi/ws_moveit/build/example_pkg/test_results
[36m--[0m Found gtest sources under '/usr/src/googletest': gtests will be built
[36m--[0m Found gmock sources under '/usr/src/googletest': gmock will be built
[36m--[0m Found PythonInterp: /usr/bin/python2 (found version "2.7.17")
[36m--[0m Using Python nosetests: /usr/bin/nosetests-2.7
[36m--[0m catkin 0.7.28
[36m--[0m BUILD_SHARED_LIBS is on
[36m--[0m Could NOT find roscppstd_msgs (missing: roscppstd_msgs_DIR)
[36m--[0m Could not find the required component 'roscppstd_msgs'. The following CMake error indicates that you either need to install the package with the same name or change your environment so that it can be found.
[31m[1mCMake Error[0m at /opt/ros/melodic/share/catkin/cmake/catkinConfig.cmake:83 (find_package):
  Could not find a package configuration file provided by "roscppstd_msgs"
  with any of the following names:

    roscppstd_msgsConfig.cmake
    roscppstd_msgs-config.cmake

  Add the installation prefix of "roscppstd_msgs" to CMAKE_PREFIX_PATH or set
  "roscppstd_msgs_DIR" to a directory containing one of the above files.  If
  "roscppstd_msgs" provides a separate development package or SDK, be sure it
  has been installed.
[36mCall Stack (most recent call first):[0m
  CMakeLists.txt:10 (find_package)


[36m--[0m Configuring incomplete, errors occurred!
See also "/home/nidhi/ws_moveit/build/example_pkg/CMakeFiles/CMakeOutput.log".
See also "/home/nidhi/ws_moveit/build/example_pkg/CMakeFiles/CMakeError.log".
